#! /usr/local/bin/vvp
:ivl_version "10.3 (stable)" "(v10_3)";
:ivl_delay_selection "TYPICAL";
:vpi_time_precision - 12;
:vpi_module "system";
:vpi_module "vhdl_sys";
:vpi_module "v2005_math";
:vpi_module "va_math";
S_0x1a68ad0 .scope module, "circuit_tb" "circuit_tb" 2 6;
 .timescale -9 -12;
v0x1aa5510_0 .var "clk", 0 0;
v0x1aa5600_0 .var "en", 0 0;
v0x1aa56d0_0 .var/i "i", 31 0;
v0x1aa57a0_0 .var "rst", 0 0;
v0x1aa5870_0 .var "x", 95 0;
v0x1aa5960_0 .net "y", 95 0, L_0x1aa5a30;  1 drivers
E_0x1a67260 .event posedge, v0x1a7c5b0_0;
S_0x1a8e8a0 .scope module, "c0" "circuit" 2 34, 3 4 0, S_0x1a68ad0;
 .timescale -9 -12;
    .port_info 0 /INPUT 1 "rst"
    .port_info 1 /INPUT 1 "clk"
    .port_info 2 /INPUT 1 "en"
    .port_info 3 /INPUT 96 "x"
    .port_info 4 /OUTPUT 96 "y"
P_0x1a8ea70 .param/l "W" 0 3 6, +C4<00000000000000000000000001100000>;
L_0x1aa5a30 .functor BUFZ 96, v0x1aa52b0_0, C4<000000000000000000000000000000000000000000000000000000000000000000000000000000000000000000000000>, C4<000000000000000000000000000000000000000000000000000000000000000000000000000000000000000000000000>, C4<000000000000000000000000000000000000000000000000000000000000000000000000000000000000000000000000>;
v0x1a7c5b0_0 .net "clk", 0 0, v0x1aa5510_0;  1 drivers
v0x1aa4df0_0 .var "cnt", 6 0;
v0x1aa4ed0_0 .net "en", 0 0, v0x1aa5600_0;  1 drivers
v0x1aa4fc0_0 .net "rst", 0 0, v0x1aa57a0_0;  1 drivers
v0x1aa50a0_0 .net "x", 95 0, v0x1aa5870_0;  1 drivers
v0x1aa51d0_0 .net "y", 95 0, L_0x1aa5a30;  alias, 1 drivers
v0x1aa52b0_0 .var "y_int", 95 0;
v0x1aa5390_0 .var "y_int_n_1", 95 0;
E_0x1a90260 .event edge, v0x1aa5390_0, v0x1aa50a0_0;
E_0x1a90d80 .event posedge, v0x1aa4fc0_0, v0x1a7c5b0_0;
    .scope S_0x1a8e8a0;
T_0 ;
    %wait E_0x1a90d80;
    %load/vec4 v0x1aa4fc0_0;
    %flag_set/vec4 8;
    %jmp/0xz  T_0.0, 8;
    %pushi/vec4 0, 0, 96;
    %assign/vec4 v0x1aa5390_0, 0;
    %jmp T_0.1;
T_0.0 ;
    %load/vec4 v0x1aa4df0_0;
    %pad/u 32;
    %cmpi/ne 99, 0, 32;
    %jmp/0xz  T_0.2, 4;
    %load/vec4 v0x1aa52b0_0;
    %assign/vec4 v0x1aa5390_0, 0;
T_0.2 ;
T_0.1 ;
    %jmp T_0;
    .thread T_0;
    .scope S_0x1a8e8a0;
T_1 ;
    %wait E_0x1a90d80;
    %load/vec4 v0x1aa4fc0_0;
    %flag_set/vec4 8;
    %jmp/0xz  T_1.0, 8;
    %pushi/vec4 0, 0, 7;
    %assign/vec4 v0x1aa4df0_0, 0;
    %jmp T_1.1;
T_1.0 ;
    %load/vec4 v0x1aa4df0_0;
    %pad/u 32;
    %cmpi/ne 99, 0, 32;
    %jmp/0xz  T_1.2, 4;
    %load/vec4 v0x1aa4df0_0;
    %addi 1, 0, 7;
    %assign/vec4 v0x1aa4df0_0, 0;
T_1.2 ;
T_1.1 ;
    %jmp T_1;
    .thread T_1;
    .scope S_0x1a8e8a0;
T_2 ;
    %wait E_0x1a90260;
    %load/vec4 v0x1aa5390_0;
    %muli 2, 0, 96;
    %load/vec4 v0x1aa50a0_0;
    %add;
    %store/vec4 v0x1aa52b0_0, 0, 96;
    %jmp T_2;
    .thread T_2, $push;
    .scope S_0x1a68ad0;
T_3 ;
    %pushi/vec4 1, 0, 1;
    %store/vec4 v0x1aa5510_0, 0, 1;
    %pushi/vec4 0, 0, 1;
    %store/vec4 v0x1aa57a0_0, 0, 1;
    %end;
    .thread T_3;
    .scope S_0x1a68ad0;
T_4 ;
    %delay 5000, 0;
    %load/vec4 v0x1aa5510_0;
    %inv;
    %store/vec4 v0x1aa5510_0, 0, 1;
    %jmp T_4;
    .thread T_4;
    .scope S_0x1a68ad0;
T_5 ;
    %delay 1000, 0;
    %pushi/vec4 1, 0, 1;
    %store/vec4 v0x1aa57a0_0, 0, 1;
    %delay 10000, 0;
    %pushi/vec4 0, 0, 1;
    %store/vec4 v0x1aa57a0_0, 0, 1;
    %end;
    .thread T_5;
    .scope S_0x1a68ad0;
T_6 ;
    %vpi_call 2 17 "$dumpfile", "circuit.vcd" {0 0 0};
    %vpi_call 2 18 "$dumpvars" {0 0 0};
    %pushi/vec4 0, 0, 1;
    %store/vec4 v0x1aa5600_0, 0, 1;
    %pushi/vec4 0, 0, 32;
    %store/vec4 v0x1aa56d0_0, 0, 32;
T_6.0 ;
    %load/vec4 v0x1aa56d0_0;
    %cmpi/s 100, 0, 32;
    %jmp/0xz T_6.1, 5;
    %wait E_0x1a67260;
    %delay 1000, 0;
    %pushi/vec4 1, 0, 1;
    %store/vec4 v0x1aa5600_0, 0, 1;
    %load/vec4 v0x1aa56d0_0;
    %addi 1, 0, 32;
    %vpi_call 2 21 "$display", "%d: %d", S<0,vec4,s32>, v0x1aa5960_0 {1 0 0};
    %wait E_0x1a67260;
    %delay 1000, 0;
    %vpi_func 2 22 "$random" 32 {0 0 0};
    %pad/s 96;
    %store/vec4 v0x1aa5870_0, 0, 96;
    %vpi_call 2 22 "$display", "%d:", v0x1aa5870_0 {0 0 0};
    %load/vec4 v0x1aa56d0_0;
    %addi 1, 0, 32;
    %store/vec4 v0x1aa56d0_0, 0, 32;
    %jmp T_6.0;
T_6.1 ;
    %wait E_0x1a67260;
    %delay 100000, 0;
    %vpi_call 2 26 "$finish" {0 0 0};
    %end;
    .thread T_6;
# The file index is used to find the file name in the following table.
:file_names 4;
    "N/A";
    "<interactive>";
    "circuit_tb.v";
    "circuit.v";
